<?xml version="1.0" encoding="UTF-8"?>
<!-- Generated by org.testng.reporters.JUnitXMLReporter -->
<testsuite ignored="0" hostname="Air-de-Marthe" failures="0" tests="3" name="Default test" time="74.291" errors="0" timestamp="2020-07-28T20:17:21 CEST">
  <testcase classname="com.qa.tests.NewContactTest" name="validateCreateNewContact" time="16.227"/>
  <testcase classname="com.qa.tests.NewContactTest" name="validateCreateNewContact" time="15.196"/>
  <testcase classname="com.qa.tests.NewContactTest" name="validateCreateNewContact" time="15.098"/>
</testsuite> <!-- Default test -->
