<?xml version="1.0" encoding="UTF-8"?>
<!-- Generated by org.testng.reporters.JUnitXMLReporter -->
<testsuite ignored="0" hostname="Air-de-Marthe" failures="0" tests="4" name="regression" time="51.574" errors="0" timestamp="2020-07-28T18:11:24 CEST">
  <testcase classname="com.qa.tests.BackOfficeTest" name="verifyBackofficeTitle" time="0.028"/>
  <testcase classname="com.qa.tests.BackOfficeTest" name="verifyUserName" time="0.773"/>
  <testcase classname="com.qa.tests.BackOfficeTest" name="verifyContactsLink" time="3.16"/>
  <testcase classname="com.qa.tests.LoginTest" name="successFullLogin" time="0.911"/>
</testsuite> <!-- regression -->
