<?xml version="1.0" encoding="UTF-8"?>
<!-- Generated by org.testng.reporters.JUnitXMLReporter -->
<testsuite hostname="Air-de-Marthe" ignored="0" name="Command line test" tests="7" failures="0" timestamp="2020-07-29T18:10:06 CEST" time="127.135" errors="0">
  <testcase name="validateCreateNewContact" time="16.411" classname="com.qa.tests.NewContactTest"/>
  <testcase name="validateCreateNewContact" time="15.238" classname="com.qa.tests.NewContactTest"/>
  <testcase name="validateCreateNewContact" time="15.733" classname="com.qa.tests.NewContactTest"/>
  <testcase name="verifyBackofficeTitle" time="0.011" classname="com.qa.tests.BackOfficeTest"/>
  <testcase name="verifyUserName" time="0.642" classname="com.qa.tests.BackOfficeTest"/>
  <testcase name="verifyContactsLink" time="3.144" classname="com.qa.tests.BackOfficeTest"/>
  <testcase name="successFullLogin" time="0.777" classname="com.qa.tests.LoginTest"/>
</testsuite> <!-- Command line test -->
