<?xml version="1.0" encoding="UTF-8" ?>
<testsuite tests="7" failures="0" name="TestSuite" time="51.958" errors="0" skipped="0">
  <properties>
[...]
</properties>
  <testcase classname="com.qa.tests.NewContactTest" name="validateCreateNewContact" time="16.417"/>
  <testcase classname="com.qa.tests.NewContactTest" name="validateCreateNewContact" time="15.239"/>
  <testcase classname="com.qa.tests.NewContactTest" name="validateCreateNewContact" time="15.733"/>
  <testcase classname="com.qa.tests.BackOfficeTest" name="verifyBackofficeTitle" time="0.011"/>
  <testcase classname="com.qa.tests.BackOfficeTest" name="verifyUserName" time="0.638"/>
  <testcase classname="com.qa.tests.BackOfficeTest" name="verifyContactsLink" time="3.143"/>
  <testcase classname="com.qa.tests.LoginTest" name="successFullLogin" time="0.777"/>
</testsuite>